<?xml version="1.0" encoding="UTF-8"?>
<!-- Generated by org.testng.reporters.JUnitReportReporter -->
<testsuite hostname="DESKTOP-AJ0NRIR" failures="0" tests="1" name="com.crm.LeadTests.SearchleadByPhone" time="12.157" errors="0" timestamp="2022-02-19T10:11:45 IST" skipped="0">
  <testcase classname="com.crm.LeadTests.SearchleadByPhone" name="searchleadByPhone" time="12.157"/>
  <system-out/>
</testsuite> <!-- com.crm.LeadTests.SearchleadByPhone -->
