<?xml version="1.0" encoding="UTF-8"?>
<!-- Generated by org.testng.reporters.JUnitReportReporter -->
<testsuite hostname="Varun" failures="0" tests="1" name="com.crm.PomOraganisationTest.CreateOrganisationWithIndustryTest" time="14.011" errors="0" timestamp="2022-02-28T10:12:07 IST" skipped="0">
  <testcase classname="com.crm.PomOraganisationTest.CreateOrganisationWithIndustryTest" name="createOrgNameWithIndustryTest" time="14.011"/>
  <system-out/>
</testsuite> <!-- com.crm.PomOraganisationTest.CreateOrganisationWithIndustryTest -->
