<?xml version="1.0" encoding="UTF-8"?>
<!-- Generated by org.testng.reporters.JUnitReportReporter -->
<testsuite hostname="Varun" failures="0" tests="1" name="com.crm.GenericOraganisationTest.CreateOragnisationWithIndustryTest" time="12.310" errors="0" timestamp="2022-02-22T17:30:52 IST" skipped="0">
  <testcase classname="com.crm.GenericOraganisationTest.CreateOragnisationWithIndustryTest" name="createOrgNameWithIndustryTest" time="12.310"/>
  <system-out/>
</testsuite> <!-- com.crm.GenericOraganisationTest.CreateOragnisationWithIndustryTest -->
