<?xml version="1.0" encoding="UTF-8"?>
<!-- Generated by org.testng.reporters.JUnitReportReporter -->
<testsuite hostname="Varun" failures="0" tests="1" name="com.crm.TestNGLeadsTest.SearchLeadByWebsiteTest" time="10.562" errors="0" timestamp="2022-03-16T17:33:43 IST" skipped="0">
  <testcase classname="com.crm.TestNGLeadsTest.SearchLeadByWebsiteTest" name="searchLeadByWebsiteTest" time="10.562"/>
  <system-out/>
</testsuite> <!-- com.crm.TestNGLeadsTest.SearchLeadByWebsiteTest -->
