<?xml version="1.0" encoding="UTF-8"?>
<!-- Generated by org.testng.reporters.JUnitReportReporter -->
<testsuite hostname="DESKTOP-AJ0NRIR" failures="0" tests="1" name="com.crm.OrganisationTests.CreateOrgTest" time="13.630" errors="0" timestamp="2022-02-18T10:34:20 IST" skipped="0">
  <testcase classname="com.crm.OrganisationTests.CreateOrgTest" name="createOrgTest" time="13.630"/>
  <system-out/>
</testsuite> <!-- com.crm.OrganisationTests.CreateOrgTest -->
