<?xml version="1.0" encoding="UTF-8"?>
<!-- Generated by org.testng.reporters.JUnitReportReporter -->
<testsuite hostname="DESKTOP-AJ0NRIR" failures="0" tests="1" name="com.crm.PRACTICE.ReadDataFromSuiteXMLfileTest" time="0.012" errors="0" timestamp="2022-02-17T15:37:38 IST" skipped="0">
  <testcase classname="com.crm.PRACTICE.ReadDataFromSuiteXMLfileTest" name="readDataFromSuiteXMLfileTest" time="0.012"/>
  <system-out/>
</testsuite> <!-- com.crm.PRACTICE.ReadDataFromSuiteXMLfileTest -->
