<?xml version="1.0" encoding="UTF-8"?>
<!-- Generated by org.testng.reporters.JUnitReportReporter -->
<testsuite hostname="Varun" failures="0" tests="1" name="com.crm.PomContactsTest.CreateContactWithOrgTest" time="35.129" errors="0" timestamp="2022-02-24T15:19:06 IST" skipped="0">
  <testcase classname="com.crm.PomContactsTest.CreateContactWithOrgTest" name="createContactWithOrgTest" time="35.129"/>
  <system-out/>
</testsuite> <!-- com.crm.PomContactsTest.CreateContactWithOrgTest -->
