<?xml version="1.0" encoding="UTF-8"?>
<!-- Generated by org.testng.reporters.JUnitReportReporter -->
<testsuite hostname="Varun" failures="0" tests="1" name="com.crm.TestNgCampaignTest.CraeteCampaignTest" time="36.935" errors="0" timestamp="2022-03-09T22:50:22 IST" skipped="0">
  <testcase classname="com.crm.TestNgCampaignTest.CraeteCampaignTest" name="craeteCampaignTest" time="36.935"/>
  <system-out/>
</testsuite> <!-- com.crm.TestNgCampaignTest.CraeteCampaignTest -->
