<?xml version="1.0" encoding="UTF-8"?>
<!-- Generated by org.testng.reporters.JUnitReportReporter -->
<testsuite hostname="Varun" failures="0" tests="1" name="com.crm.PRACTICE.GoiboBook" time="13.279" errors="0" timestamp="2022-03-10T10:34:52 IST" skipped="0">
  <testcase classname="com.crm.PRACTICE.GoiboBook" name="book" time="13.279"/>
  <system-out/>
</testsuite> <!-- com.crm.PRACTICE.GoiboBook -->
