<?xml version="1.0" encoding="UTF-8"?>
<!-- Generated by org.testng.reporters.JUnitReportReporter -->
<testsuite hostname="Varun" failures="0" tests="1" name="com.crm.GenericOraganisationTest.CreateOragnisationTest" time="14.298" errors="0" timestamp="2022-02-22T17:19:42 IST" skipped="0">
  <testcase classname="com.crm.GenericOraganisationTest.CreateOragnisationTest" name="createOrganisationTest" time="14.298"/>
  <system-out/>
</testsuite> <!-- com.crm.GenericOraganisationTest.CreateOragnisationTest -->
