<?xml version="1.0" encoding="UTF-8"?>
<!-- Generated by org.testng.reporters.JUnitReportReporter -->
<testsuite hostname="Varun" failures="0" tests="1" name="com.crm.GenericLeadTests.EditLeadByMasseditTest" time="11.745" errors="0" timestamp="2022-02-22T19:45:49 IST" skipped="0">
  <testcase classname="com.crm.GenericLeadTests.EditLeadByMasseditTest" name="editLeadByMasseditTest" time="11.745"/>
  <system-out/>
</testsuite> <!-- com.crm.GenericLeadTests.EditLeadByMasseditTest -->
