<?xml version="1.0" encoding="UTF-8"?>
<!-- Generated by org.testng.reporters.JUnitReportReporter -->
<testsuite hostname="Varun" failures="0" tests="1" name="com.crm.PRACTICE.Goibiboclaender" time="20.438" errors="0" timestamp="2022-03-09T17:30:39 IST" skipped="0">
  <testcase classname="com.crm.PRACTICE.Goibiboclaender" name="calender" time="20.438"/>
  <system-out/>
</testsuite> <!-- com.crm.PRACTICE.Goibiboclaender -->
