<?xml version="1.0" encoding="UTF-8"?>
<!-- Generated by org.testng.reporters.JUnitReportReporter -->
<testsuite hostname="Varun" failures="0" tests="1" name="com.crm.PomCampaign.CraeteACampaign" time="23.438" errors="0" timestamp="2022-02-25T22:39:49 IST" skipped="0">
  <testcase classname="com.crm.PomCampaign.CraeteACampaign" name="craeteACampaign" time="23.438"/>
  <system-out/>
</testsuite> <!-- com.crm.PomCampaign.CraeteACampaign -->
