<?xml version="1.0" encoding="UTF-8"?>
<!-- Generated by org.testng.reporters.JUnitReportReporter -->
<testsuite hostname="DESKTOP-AJ0NRIR" failures="0" tests="1" name="com.crm.LeadTests.SearchLeadByEmailTest" time="14.587" errors="0" timestamp="2022-02-19T19:37:35 IST" skipped="0">
  <testcase classname="com.crm.LeadTests.SearchLeadByEmailTest" name="searchLeadByEmailTest" time="14.587"/>
  <system-out/>
</testsuite> <!-- com.crm.LeadTests.SearchLeadByEmailTest -->
