<?xml version="1.0" encoding="UTF-8"?>
<!-- Generated by org.testng.reporters.JUnitReportReporter -->
<testsuite hostname="Varun" failures="0" tests="1" name="com.crm.GenericLeadTests.SearchLeadByPhoneTest" time="12.475" errors="0" timestamp="2022-02-22T19:01:19 IST" skipped="0">
  <testcase classname="com.crm.GenericLeadTests.SearchLeadByPhoneTest" name="searchLeadByPhoneTest" time="12.475"/>
  <system-out/>
</testsuite> <!-- com.crm.GenericLeadTests.SearchLeadByPhoneTest -->
