<?xml version="1.0" encoding="UTF-8"?>
<!-- Generated by org.testng.reporters.JUnitReportReporter -->
<testsuite hostname="Varun" failures="0" tests="1" name="com.crm.PRACTICE.PrintLastName" time="8.990" errors="0" timestamp="2022-03-08T20:05:49 IST" skipped="0">
  <testcase classname="com.crm.PRACTICE.PrintLastName" name="printLastName" time="8.990"/>
  <system-out/>
</testsuite> <!-- com.crm.PRACTICE.PrintLastName -->
