<?xml version="1.0" encoding="UTF-8"?>
<!-- Generated by org.testng.reporters.JUnitReportReporter -->
<testsuite hostname="DESKTOP-AJ0NRIR" failures="0" tests="1" name="com.crm.PRACTICE.ReadDataFromExcelTest" time="0.825" errors="0" timestamp="2022-02-17T16:10:46 IST" skipped="0">
  <testcase classname="com.crm.PRACTICE.ReadDataFromExcelTest" name="readDataFromExcelTest" time="0.825"/>
  <system-out/>
</testsuite> <!-- com.crm.PRACTICE.ReadDataFromExcelTest -->
