<?xml version="1.0" encoding="UTF-8"?>
<!-- Generated by org.testng.reporters.JUnitReportReporter -->
<testsuite hostname="Varun" failures="0" tests="10" name="com.crm.MultipleDataContactTests.CreateContactWithMutlipleDataTest" time="184.637" errors="0" timestamp="2022-03-01T10:13:52 IST" skipped="0">
  <testcase classname="com.crm.MultipleDataContactTests.CreateContactWithMutlipleDataTest" name="createContactWithMutlipleDataTest" time="20.157"/>
  <system-out>
    <![CDATA[login succesfull
navigated to contact link
clicked on contact image
contact created
verification successful]]>
  </system-out>
  <testcase classname="com.crm.MultipleDataContactTests.CreateContactWithMutlipleDataTest" name="createContactWithMutlipleDataTest" time="18.350"/>
  <system-out>
    <![CDATA[login succesfull
navigated to contact link
clicked on contact image
contact created
verification successful]]>
  </system-out>
  <testcase classname="com.crm.MultipleDataContactTests.CreateContactWithMutlipleDataTest" name="createContactWithMutlipleDataTest" time="17.986"/>
  <system-out>
    <![CDATA[login succesfull
navigated to contact link
clicked on contact image
contact created
verification successful]]>
  </system-out>
  <testcase classname="com.crm.MultipleDataContactTests.CreateContactWithMutlipleDataTest" name="createContactWithMutlipleDataTest" time="18.857"/>
  <system-out>
    <![CDATA[login succesfull
navigated to contact link
clicked on contact image
contact created
verification successful]]>
  </system-out>
  <testcase classname="com.crm.MultipleDataContactTests.CreateContactWithMutlipleDataTest" name="createContactWithMutlipleDataTest" time="18.474"/>
  <system-out>
    <![CDATA[login succesfull
navigated to contact link
clicked on contact image
contact created
verification successful]]>
  </system-out>
  <testcase classname="com.crm.MultipleDataContactTests.CreateContactWithMutlipleDataTest" name="createContactWithMutlipleDataTest" time="17.658"/>
  <system-out>
    <![CDATA[login succesfull
navigated to contact link
clicked on contact image
contact created
verification successful]]>
  </system-out>
  <testcase classname="com.crm.MultipleDataContactTests.CreateContactWithMutlipleDataTest" name="createContactWithMutlipleDataTest" time="18.197"/>
  <system-out>
    <![CDATA[login succesfull
navigated to contact link
clicked on contact image
contact created
verification successful]]>
  </system-out>
  <testcase classname="com.crm.MultipleDataContactTests.CreateContactWithMutlipleDataTest" name="createContactWithMutlipleDataTest" time="18.296"/>
  <system-out>
    <![CDATA[login succesfull
navigated to contact link
clicked on contact image
contact created
verification successful]]>
  </system-out>
  <testcase classname="com.crm.MultipleDataContactTests.CreateContactWithMutlipleDataTest" name="createContactWithMutlipleDataTest" time="18.882"/>
  <system-out>
    <![CDATA[login succesfull
navigated to contact link
clicked on contact image
contact created
verification successful]]>
  </system-out>
  <testcase classname="com.crm.MultipleDataContactTests.CreateContactWithMutlipleDataTest" name="createContactWithMutlipleDataTest" time="17.780"/>
  <system-out>
    <![CDATA[login succesfull
navigated to contact link
clicked on contact image
contact created
verification successful]]>
  </system-out>
</testsuite> <!-- com.crm.MultipleDataContactTests.CreateContactWithMutlipleDataTest -->
