<?xml version="1.0" encoding="UTF-8"?>
<!-- Generated by org.testng.reporters.JUnitReportReporter -->
<testsuite hostname="Varun" failures="0" tests="6" name="com.crm.PRACTICE.DataProviderPractice2" time="0.021" errors="0" timestamp="2022-02-28T16:12:28 IST" skipped="0">
  <testcase classname="com.crm.PRACTICE.DataProviderPractice2" name="sampleDataProvider" time="0.008"/>
  <system-out/>
  <testcase classname="com.crm.PRACTICE.DataProviderPractice2" name="sampleDataProvider" time="0.002"/>
  <system-out/>
  <testcase classname="com.crm.PRACTICE.DataProviderPractice2" name="sampleDataProvider" time="0.002"/>
  <system-out/>
  <testcase classname="com.crm.PRACTICE.DataProviderPractice2" name="sampleDataProvider" time="0.005"/>
  <system-out/>
  <testcase classname="com.crm.PRACTICE.DataProviderPractice2" name="sampleDataProvider" time="0.002"/>
  <system-out/>
  <testcase classname="com.crm.PRACTICE.DataProviderPractice2" name="sampleDataProvider" time="0.002"/>
  <system-out/>
</testsuite> <!-- com.crm.PRACTICE.DataProviderPractice2 -->
