<?xml version="1.0" encoding="UTF-8"?>
<!-- Generated by org.testng.reporters.JUnitReportReporter -->
<testsuite hostname="Varun" failures="0" tests="1" name="com.crm.PRACTICE.PomPracticeForLogin" time="12.885" errors="0" timestamp="2022-02-23T21:50:06 IST" skipped="0">
  <testcase classname="com.crm.PRACTICE.PomPracticeForLogin" name="pomPractice" time="12.885"/>
  <system-out/>
</testsuite> <!-- com.crm.PRACTICE.PomPracticeForLogin -->
