<?xml version="1.0" encoding="UTF-8"?>
<!-- Generated by org.testng.reporters.JUnitReportReporter -->
<testsuite hostname="DESKTOP-AJ0NRIR" failures="0" tests="1" name="com.crm.LeadTests.SearchLeadByPhoneTest" time="13.732" errors="0" timestamp="2022-02-19T19:05:10 IST" skipped="0">
  <testcase classname="com.crm.LeadTests.SearchLeadByPhoneTest" name="searchLeadByPhoneTest" time="13.732"/>
  <system-out/>
</testsuite> <!-- com.crm.LeadTests.SearchLeadByPhoneTest -->
