<?xml version="1.0" encoding="UTF-8"?>
<!-- Generated by org.testng.reporters.JUnitReportReporter -->
<testsuite hostname="DESKTOP-AJ0NRIR" failures="0" tests="1" name="com.crm.OrganisationTests.CreateOrganisationWithPrropertyFileTest" time="11.198" errors="0" timestamp="2022-02-17T22:53:49 IST" skipped="0">
  <testcase classname="com.crm.OrganisationTests.CreateOrganisationWithPrropertyFileTest" name="createOrganisationWithPrropertyFile" time="11.198"/>
  <system-out/>
</testsuite> <!-- com.crm.OrganisationTests.CreateOrganisationWithPrropertyFileTest -->
