<?xml version="1.0" encoding="UTF-8"?>
<!-- Generated by org.testng.reporters.JUnitReportReporter -->
<testsuite hostname="Varun" failures="0" tests="6" name="com.crm.MultipleDataOrganisationTest.CreateOrgWithTypeIndTest" time="144.519" errors="0" timestamp="2022-03-06T11:59:37 IST" skipped="0">
  <testcase classname="com.crm.MultipleDataOrganisationTest.CreateOrgWithTypeIndTest" name="createOrgWithTypeIndTest" time="47.172"/>
  <system-out>
    <![CDATA[login succesfull
navigated to org link
click on create org link
create org with insustry type
verification successful]]>
  </system-out>
  <testcase classname="com.crm.MultipleDataOrganisationTest.CreateOrgWithTypeIndTest" name="createOrgWithTypeIndTest" time="19.325"/>
  <system-out>
    <![CDATA[login succesfull
navigated to org link
click on create org link
create org with insustry type
verification successful]]>
  </system-out>
  <testcase classname="com.crm.MultipleDataOrganisationTest.CreateOrgWithTypeIndTest" name="createOrgWithTypeIndTest" time="18.713"/>
  <system-out>
    <![CDATA[login succesfull
navigated to org link
click on create org link
create org with insustry type
verification successful]]>
  </system-out>
  <testcase classname="com.crm.MultipleDataOrganisationTest.CreateOrgWithTypeIndTest" name="createOrgWithTypeIndTest" time="20.621"/>
  <system-out>
    <![CDATA[login succesfull
navigated to org link
click on create org link
create org with insustry type
verification successful]]>
  </system-out>
  <testcase classname="com.crm.MultipleDataOrganisationTest.CreateOrgWithTypeIndTest" name="createOrgWithTypeIndTest" time="19.621"/>
  <system-out>
    <![CDATA[login succesfull
navigated to org link
click on create org link
create org with insustry type
verification successful]]>
  </system-out>
  <testcase classname="com.crm.MultipleDataOrganisationTest.CreateOrgWithTypeIndTest" name="createOrgWithTypeIndTest" time="19.067"/>
  <system-out>
    <![CDATA[login succesfull
navigated to org link
click on create org link
create org with insustry type
verification successful]]>
  </system-out>
</testsuite> <!-- com.crm.MultipleDataOrganisationTest.CreateOrgWithTypeIndTest -->
