<?xml version="1.0" encoding="UTF-8"?>
<!-- Generated by org.testng.reporters.JUnitReportReporter -->
<testsuite hostname="Varun" failures="0" tests="1" name="com.crm.TestNGLeadsTest.SearchLeadByEmail" time="10.657" errors="0" timestamp="2022-03-01T23:00:50 IST" skipped="0">
  <testcase classname="com.crm.TestNGLeadsTest.SearchLeadByEmail" name="searchLeadByEmail" time="10.657"/>
  <system-out/>
</testsuite> <!-- com.crm.TestNGLeadsTest.SearchLeadByEmail -->
