<?xml version="1.0" encoding="UTF-8"?>
<!-- Generated by org.testng.reporters.JUnitReportReporter -->
<testsuite hostname="Varun" failures="0" tests="1" name="com.crm.GenericOraganisationTest.CreateOraganisationTest" time="29.668" errors="0" timestamp="2022-02-22T16:14:09 IST" skipped="0">
  <testcase classname="com.crm.GenericOraganisationTest.CreateOraganisationTest" name="createOrganisationTest" time="29.668"/>
  <system-out/>
</testsuite> <!-- com.crm.GenericOraganisationTest.CreateOraganisationTest -->
