<?xml version="1.0" encoding="UTF-8"?>
<!-- Generated by org.testng.reporters.JUnitReportReporter -->
<testsuite hostname="Varun" failures="0" tests="1" name="com.crm.PRACTICE.PracticeForGenericUtilites" time="0.039" errors="0" timestamp="2022-02-22T09:07:16 IST" skipped="0">
  <testcase classname="com.crm.PRACTICE.PracticeForGenericUtilites" name="practiceForGenericUtilites" time="0.039"/>
  <system-out/>
</testsuite> <!-- com.crm.PRACTICE.PracticeForGenericUtilites -->
