<?xml version="1.0" encoding="UTF-8"?>
<!-- Generated by org.testng.reporters.JUnitReportReporter -->
<testsuite hostname="DESKTOP-AJ0NRIR" failures="0" tests="1" name="com.crm.PRACTICE.DataVerification" time="0.363" errors="0" timestamp="2022-02-16T13:29:25 IST" skipped="0">
  <testcase classname="com.crm.PRACTICE.DataVerification" name="sampleJDBCExicuteQuery" time="0.363"/>
  <system-out/>
</testsuite> <!-- com.crm.PRACTICE.DataVerification -->
