<?xml version="1.0" encoding="UTF-8"?>
<!-- Generated by org.testng.reporters.JUnitReportReporter -->
<testsuite hostname="DESKTOP-AJ0NRIR" failures="0" tests="1" name="com.crm.LeadTests.EditLeadByMasseditTest" time="10.413" errors="0" timestamp="2022-02-19T20:24:19 IST" skipped="0">
  <testcase classname="com.crm.LeadTests.EditLeadByMasseditTest" name="editLeadByMasseditTest" time="10.413"/>
  <system-out/>
</testsuite> <!-- com.crm.LeadTests.EditLeadByMasseditTest -->
