<?xml version="1.0" encoding="UTF-8"?>
<!-- Generated by org.testng.reporters.JUnitReportReporter -->
<testsuite hostname="Varun" failures="0" tests="1" name="com.crm.TestNGTests.CreateOrgWithTestNgTest" time="19.272" errors="0" timestamp="2022-03-01T15:16:34 IST" skipped="0">
  <testcase classname="com.crm.TestNGTests.CreateOrgWithTestNgTest" name="createOrgWithTestNgTest" time="19.272"/>
  <system-out/>
</testsuite> <!-- com.crm.TestNGTests.CreateOrgWithTestNgTest -->
