<?xml version="1.0" encoding="UTF-8"?>
<!-- Generated by org.testng.reporters.JUnitReportReporter -->
<testsuite hostname="Varun" failures="0" tests="1" name="com.crm.PRACTICE.WebTable2" time="12.083" errors="0" timestamp="2022-03-09T10:43:24 IST" skipped="0">
  <testcase classname="com.crm.PRACTICE.WebTable2" name="webTable2" time="12.083"/>
  <system-out/>
</testsuite> <!-- com.crm.PRACTICE.WebTable2 -->
