<?xml version="1.0" encoding="UTF-8"?>
<!-- Generated by org.testng.reporters.JUnitReportReporter -->
<testsuite hostname="Varun" failures="0" tests="1" name="com.crm.PRACTICE.BookFlight" time="15.948" errors="0" timestamp="2022-03-10T10:31:44 IST" skipped="0">
  <testcase classname="com.crm.PRACTICE.BookFlight" name="bookflight" time="15.948"/>
  <system-out/>
</testsuite> <!-- com.crm.PRACTICE.BookFlight -->
