<?xml version="1.0" encoding="UTF-8"?>
<!-- Generated by org.testng.reporters.JUnitReportReporter -->
<testsuite hostname="DESKTOP-AJ0NRIR" failures="0" tests="1" name="com.crm.PRACTICE.SampleJDBCExicuteQuery" time="0.357" errors="0" timestamp="2022-02-16T12:19:19 IST" skipped="0">
  <testcase classname="com.crm.PRACTICE.SampleJDBCExicuteQuery" name="sampleJDBCExicuteQuery" time="0.357"/>
  <system-out/>
</testsuite> <!-- com.crm.PRACTICE.SampleJDBCExicuteQuery -->
