<?xml version="1.0" encoding="UTF-8"?>
<!-- Generated by org.testng.reporters.JUnitReportReporter -->
<testsuite hostname="DESKTOP-AJ0NRIR" failures="0" tests="1" name="com.crm.PRACTICE.PropertFilePractice" time="0.014" errors="0" timestamp="2022-02-17T12:57:57 IST" skipped="0">
  <testcase classname="com.crm.PRACTICE.PropertFilePractice" name="propertyFilePractice" time="0.014"/>
  <system-out/>
</testsuite> <!-- com.crm.PRACTICE.PropertFilePractice -->
