<?xml version="1.0" encoding="UTF-8"?>
<!-- Generated by org.testng.reporters.JUnitReportReporter -->
<testsuite hostname="Varun" failures="0" tests="1" name="com.crm.TestNGContactTest.CreateContactTest" time="20.028" errors="0" timestamp="2022-03-03T21:43:39 IST" skipped="0">
  <testcase classname="com.crm.TestNGContactTest.CreateContactTest" name="createContactTest" time="20.028"/>
  <system-out/>
</testsuite> <!-- com.crm.TestNGContactTest.CreateContactTest -->
