<?xml version="1.0" encoding="UTF-8"?>
<!-- Generated by org.testng.reporters.JUnitReportReporter -->
<testsuite hostname="DESKTOP-AJ0NRIR" failures="0" tests="1" name="com.crm.contactsTests.CreateContactsTest" time="17.053" errors="0" timestamp="2022-02-18T12:06:47 IST" skipped="0">
  <testcase classname="com.crm.contactsTests.CreateContactsTest" name="createContactsTest" time="17.053"/>
  <system-out/>
</testsuite> <!-- com.crm.contactsTests.CreateContactsTest -->
