<?xml version="1.0" encoding="UTF-8"?>
<!-- Generated by org.testng.reporters.JUnitReportReporter -->
<testsuite hostname="Varun" failures="0" tests="1" name="com.crm.PRACTICE.WriteDataIntoExcelTest" time="1.159" errors="0" timestamp="2022-02-21T22:22:35 IST" skipped="0">
  <testcase classname="com.crm.PRACTICE.WriteDataIntoExcelTest" name="writeDataIntoExcelTest" time="1.159"/>
  <system-out/>
</testsuite> <!-- com.crm.PRACTICE.WriteDataIntoExcelTest -->
