<?xml version="1.0" encoding="UTF-8"?>
<!-- Generated by org.testng.reporters.JUnitReportReporter -->
<testsuite hostname="Varun" failures="0" tests="1" name="com.crm.TestNGLeadsTest.SearchLeadByPhoneTest" time="10.457" errors="0" timestamp="2022-03-01T22:55:09 IST" skipped="0">
  <testcase classname="com.crm.TestNGLeadsTest.SearchLeadByPhoneTest" name="searchLeadByPhoneTest" time="10.457"/>
  <system-out/>
</testsuite> <!-- com.crm.TestNGLeadsTest.SearchLeadByPhoneTest -->
