<?xml version="1.0" encoding="UTF-8"?>
<!-- Generated by org.testng.reporters.JUnitReportReporter -->
<testsuite hostname="DESKTOP-AJ0NRIR" failures="0" tests="1" name="com.crm.PRACTICE.SampleJDBCFinally" time="0.339" errors="0" timestamp="2022-02-16T15:20:27 IST" skipped="0">
  <testcase classname="com.crm.PRACTICE.SampleJDBCFinally" name="sampleJDBCFinally" time="0.339"/>
  <system-out/>
</testsuite> <!-- com.crm.PRACTICE.SampleJDBCFinally -->
