<?xml version="1.0" encoding="UTF-8"?>
<!-- Generated by org.testng.reporters.JUnitReportReporter -->
<testsuite hostname="Varun" failures="0" tests="1" name="com.crm.PRACTICE.WebTableDelete" time="14.216" errors="0" timestamp="2022-03-09T10:25:27 IST" skipped="0">
  <testcase classname="com.crm.PRACTICE.WebTableDelete" name="webTableDelete" time="14.216"/>
  <system-out/>
</testsuite> <!-- com.crm.PRACTICE.WebTableDelete -->
