<?xml version="1.0" encoding="UTF-8"?>
<!-- Generated by org.testng.reporters.JUnitReportReporter -->
<testsuite hostname="Varun" failures="0" tests="1" name="com.crm.PRACTICE.WebTable1" time="53.537" errors="0" timestamp="2022-03-08T15:27:13 IST" skipped="0">
  <testcase classname="com.crm.PRACTICE.WebTable1" name="webTable1" time="53.537"/>
  <system-out/>
</testsuite> <!-- com.crm.PRACTICE.WebTable1 -->
