<?xml version="1.0" encoding="UTF-8"?>
<!-- Generated by org.testng.reporters.JUnitReportReporter -->
<testsuite hostname="Varun" failures="0" tests="1" name="com.crmPomProduct.CraeteProductTest" time="16.621" errors="0" timestamp="2022-02-24T17:22:18 IST" skipped="0">
  <testcase classname="com.crmPomProduct.CraeteProductTest" name="craeteProductTest" time="16.621"/>
  <system-out/>
</testsuite> <!-- com.crmPomProduct.CraeteProductTest -->
