<?xml version="1.0" encoding="UTF-8"?>
<!-- Generated by org.testng.reporters.JUnitReportReporter -->
<testsuite hostname="Varun" failures="0" tests="1" name="com.crm.PRACTICE.Calender" time="7.550" errors="0" timestamp="2022-03-09T22:53:00 IST" skipped="0">
  <testcase classname="com.crm.PRACTICE.Calender" name="calender" time="7.550"/>
  <system-out/>
</testsuite> <!-- com.crm.PRACTICE.Calender -->
