<?xml version="1.0" encoding="UTF-8"?>
<!-- Generated by org.testng.reporters.JUnitReportReporter -->
<testsuite hostname="DESKTOP-AJ0NRIR" failures="0" tests="1" name="com.crm.PRACTICE.ReadDataFromCmdLineTest" time="0.010" errors="0" timestamp="2022-02-17T13:27:11 IST" skipped="0">
  <testcase classname="com.crm.PRACTICE.ReadDataFromCmdLineTest" name="readDataFromCmdLineTest" time="0.010"/>
  <system-out/>
</testsuite> <!-- com.crm.PRACTICE.ReadDataFromCmdLineTest -->
