<?xml version="1.0" encoding="UTF-8"?>
<!-- Generated by org.testng.reporters.JUnitReportReporter -->
<testsuite hostname="DESKTOP-AJ0NRIR" failures="0" tests="1" name="com.crm.OrganisationTests.CreateOrgNameWithIndustryTest" time="14.934" errors="0" timestamp="2022-02-18T11:55:32 IST" skipped="0">
  <testcase classname="com.crm.OrganisationTests.CreateOrgNameWithIndustryTest" name="createOrgNameWithIndustryTest" time="14.934"/>
  <system-out/>
</testsuite> <!-- com.crm.OrganisationTests.CreateOrgNameWithIndustryTest -->
