<?xml version="1.0" encoding="UTF-8"?>
<!-- Generated by org.testng.reporters.JUnitReportReporter -->
<testsuite hostname="Varun" failures="0" tests="1" name="com.crm.TestNgProductTest.CreateProductTest" time="20.007" errors="0" timestamp="2022-03-03T22:56:14 IST" skipped="0">
  <testcase classname="com.crm.TestNgProductTest.CreateProductTest" name="createProductTest" time="20.007"/>
  <system-out/>
</testsuite> <!-- com.crm.TestNgProductTest.CreateProductTest -->
