<?xml version="1.0" encoding="UTF-8"?>
<!-- Generated by org.testng.reporters.JUnitReportReporter -->
<testsuite hostname="Varun" failures="0" tests="1" name="com.crm.GenericLeadTests.SearchLeadByEmailTest" time="12.768" errors="0" timestamp="2022-02-22T19:05:00 IST" skipped="0">
  <testcase classname="com.crm.GenericLeadTests.SearchLeadByEmailTest" name="searchLeadByEmailTest" time="12.768"/>
  <system-out/>
</testsuite> <!-- com.crm.GenericLeadTests.SearchLeadByEmailTest -->
