<?xml version="1.0" encoding="UTF-8"?>
<!-- Generated by org.testng.reporters.JUnitReportReporter -->
<testsuite hostname="DESKTOP-AJ0NRIR" failures="0" tests="1" name="com.crm.OrganisationTests.CreateOraganisationTest" time="12.631" errors="0" timestamp="2022-02-17T22:45:01 IST" skipped="0">
  <testcase classname="com.crm.OrganisationTests.CreateOraganisationTest" name="createOrganisationTest" time="12.631"/>
  <system-out/>
</testsuite> <!-- com.crm.OrganisationTests.CreateOraganisationTest -->
