<?xml version="1.0" encoding="UTF-8"?>
<!-- Generated by org.testng.reporters.JUnitReportReporter -->
<testsuite hostname="Varun" failures="0" tests="1" name="com.crm.PomContactsTest.CreateContactTest" time="23.261" errors="0" timestamp="2022-02-24T12:28:33 IST" skipped="0">
  <testcase classname="com.crm.PomContactsTest.CreateContactTest" name="createContactTest" time="23.261"/>
  <system-out/>
</testsuite> <!-- com.crm.PomContactsTest.CreateContactTest -->
