<?xml version="1.0" encoding="UTF-8"?>
<!-- Generated by org.testng.reporters.JUnitReportReporter -->
<testsuite hostname="Varun" failures="0" tests="1" name="com.crm.PomOraganisationTest.CreateOrganisationTest" time="17.472" errors="0" timestamp="2022-02-24T12:09:18 IST" skipped="0">
  <testcase classname="com.crm.PomOraganisationTest.CreateOrganisationTest" name="createOrganisationTest" time="17.472"/>
  <system-out/>
</testsuite> <!-- com.crm.PomOraganisationTest.CreateOrganisationTest -->
