<?xml version="1.0" encoding="UTF-8"?>
<!-- Generated by org.testng.reporters.JUnitReportReporter -->
<testsuite hostname="Varun" failures="0" tests="4" name="com.crm.PRACTICE.DataProviderPractice" time="0.020" errors="0" timestamp="2022-02-28T15:51:04 IST" skipped="0">
  <testcase classname="com.crm.PRACTICE.DataProviderPractice" name="sampleDataPRovider" time="0.010"/>
  <system-out/>
  <testcase classname="com.crm.PRACTICE.DataProviderPractice" name="sampleDataPRovider" time="0.005"/>
  <system-out/>
  <testcase classname="com.crm.PRACTICE.DataProviderPractice" name="sampleDataPRovider" time="0.002"/>
  <system-out/>
  <testcase classname="com.crm.PRACTICE.DataProviderPractice" name="sampleDataPRovider" time="0.003"/>
  <system-out/>
</testsuite> <!-- com.crm.PRACTICE.DataProviderPractice -->
