<?xml version="1.0" encoding="UTF-8"?>
<!-- Generated by org.testng.reporters.JUnitReportReporter -->
<testsuite hostname="Varun" failures="0" tests="1" name="com.crm.TestNGContactTest.CreateContactWithOrgTest" time="32.096" errors="0" timestamp="2022-03-03T21:43:39 IST" skipped="0">
  <testcase classname="com.crm.TestNGContactTest.CreateContactWithOrgTest" name="createContactWithOrgTest" time="32.096"/>
  <system-out/>
</testsuite> <!-- com.crm.TestNGContactTest.CreateContactWithOrgTest -->
