<?xml version="1.0" encoding="UTF-8"?>
<!-- Generated by org.testng.reporters.JUnitReportReporter -->
<testsuite hostname="Varun" failures="0" tests="1" name="com.crm.LeadTests.SearchLeadByAssignedtoTest" time="13.326" errors="0" timestamp="2022-02-22T19:17:08 IST" skipped="0">
  <testcase classname="com.crm.LeadTests.SearchLeadByAssignedtoTest" name="searchLeadByAssignedtoTest" time="13.326"/>
  <system-out/>
</testsuite> <!-- com.crm.LeadTests.SearchLeadByAssignedtoTest -->
