<?xml version="1.0" encoding="UTF-8"?>
<!-- Generated by org.testng.reporters.JUnitReportReporter -->
<testsuite hostname="Varun" failures="0" tests="1" name="com.crm.GenericLeadTests.SearchLeadByWebsite" time="15.036" errors="0" timestamp="2022-02-22T18:49:22 IST" skipped="0">
  <testcase classname="com.crm.GenericLeadTests.SearchLeadByWebsite" name="searchleadByPhone" time="15.036"/>
  <system-out/>
</testsuite> <!-- com.crm.GenericLeadTests.SearchLeadByWebsite -->
