<?xml version="1.0" encoding="UTF-8"?>
<!-- Generated by org.testng.reporters.JUnitReportReporter -->
<testsuite hostname="Varun" failures="0" tests="1" name="com.crm.GenericLeadTests.SearcLeadByAssignesdToTest" time="13.103" errors="0" timestamp="2022-02-22T19:35:02 IST" skipped="0">
  <testcase classname="com.crm.GenericLeadTests.SearcLeadByAssignesdToTest" name="searchLeadByPhoneTest" time="13.103"/>
  <system-out/>
</testsuite> <!-- com.crm.GenericLeadTests.SearcLeadByAssignesdToTest -->
